<?xml version="1.0" encoding="UTF-8"?>
<!-- Generated by org.testng.reporters.JUnitXMLReporter -->
<testsuite hostname="Mds-MacBook-Pro.local" name="Regrassion Test" tests="42" failures="0" timestamp="2 Aug 2015 21:26:08 GMT" time="11950.309" errors="0">
  <testcase name="@BeforeTest testSetUp" time="0.0" classname="tests.ManagerMenuTest">
    <failure type="org.openqa.selenium.remote.UnreachableBrowserException" message="Error communicating with the remote browser. It may have died.
Build info: version: &amp;apos;2.46.0&amp;apos;, revision: &amp;apos;87c69e2&amp;apos;, time: &amp;apos;2015-06-04 16:16:47&amp;apos;
System info: host: &amp;apos;Mds-MacBook-Pro.local&amp;apos;, ip: &amp;apos;127.0.0.1&amp;apos;, os.name: &amp;apos;Mac OS X&amp;apos;, os.arch: &amp;apos;x86_64&amp;apos;, os.version: &amp;apos;10.10.4&amp;apos;, java.version: &amp;apos;1.7.0_71&amp;apos;
Driver info: driver.version: RemoteWebDriver">
      <![CDATA[org.openqa.selenium.remote.UnreachableBrowserException: Error communicating with the remote browser. It may have died.
Build info: version: '2.46.0', revision: '87c69e2', time: '2015-06-04 16:16:47'
System info: host: 'Mds-MacBook-Pro.local', ip: '127.0.0.1', os.name: 'Mac OS X', os.arch: 'x86_64', os.version: '10.10.4', java.version: '1.7.0_71'
Driver info: driver.version: RemoteWebDriver
	at org.openqa.selenium.remote.RemoteWebDriver.execute(RemoteWebDriver.java:599)
	at org.openqa.selenium.remote.RemoteWebDriver.findElement(RemoteWebDriver.java:358)
	at org.openqa.selenium.remote.RemoteWebDriver.findElementByName(RemoteWebDriver.java:431)
	at org.openqa.selenium.By$ByName.findElement(By.java:300)
	at org.openqa.selenium.remote.RemoteWebDriver.findElement(RemoteWebDriver.java:350)
	at org.openqa.selenium.support.pagefactory.DefaultElementLocator.findElement(DefaultElementLocator.java:69)
	at org.openqa.selenium.support.pagefactory.internal.LocatingElementHandler.invoke(LocatingElementHandler.java:38)
	at com.sun.proxy.$Proxy7.click(Unknown Source)
	at pages.LoginPage.signIN(LoginPage.java:32)
	at base.TestBase.testSetUp(TestBase.java:89)
	at sun.reflect.NativeMethodAccessorImpl.invoke0(Native Method)
	at sun.reflect.NativeMethodAccessorImpl.invoke(NativeMethodAccessorImpl.java:57)
	at sun.reflect.DelegatingMethodAccessorImpl.invoke(DelegatingMethodAccessorImpl.java:43)
	at java.lang.reflect.Method.invoke(Method.java:606)
	at org.testng.internal.MethodInvocationHelper.invokeMethod(MethodInvocationHelper.java:84)
	at org.testng.internal.Invoker.invokeConfigurationMethod(Invoker.java:564)
	at org.testng.internal.Invoker.invokeConfigurations(Invoker.java:213)
	at org.testng.internal.Invoker.invokeConfigurations(Invoker.java:138)
	at org.testng.TestRunner.beforeRun(TestRunner.java:641)
	at org.testng.TestRunner.run(TestRunner.java:609)
	at org.testng.SuiteRunner.runTest(SuiteRunner.java:334)
	at org.testng.SuiteRunner.runSequentially(SuiteRunner.java:329)
	at org.testng.SuiteRunner.privateRun(SuiteRunner.java:291)
	at org.testng.SuiteRunner.run(SuiteRunner.java:240)
	at org.testng.SuiteRunnerWorker.runSuite(SuiteRunnerWorker.java:52)
	at org.testng.SuiteRunnerWorker.run(SuiteRunnerWorker.java:86)
	at org.testng.TestNG.runSuitesSequentially(TestNG.java:1224)
	at org.testng.TestNG.runSuitesLocally(TestNG.java:1149)
	at org.testng.TestNG.run(TestNG.java:1057)
	at org.testng.remote.RemoteTestNG.run(RemoteTestNG.java:111)
	at org.testng.remote.RemoteTestNG.initAndRun(RemoteTestNG.java:204)
	at org.testng.remote.RemoteTestNG.main(RemoteTestNG.java:175)
Caused by: org.apache.http.conn.HttpHostConnectException: Connect to 127.0.0.1:7055 [/127.0.0.1] failed: Connection refused
	at org.apache.http.impl.conn.DefaultHttpClientConnectionOperator.connect(DefaultHttpClientConnectionOperator.java:151)
	at org.apache.http.impl.conn.PoolingHttpClientConnectionManager.connect(PoolingHttpClientConnectionManager.java:353)
	at org.apache.http.impl.execchain.MainClientExec.establishRoute(MainClientExec.java:380)
	at org.apache.http.impl.execchain.MainClientExec.execute(MainClientExec.java:236)
	at org.apache.http.impl.execchain.ProtocolExec.execute(ProtocolExec.java:184)
	at org.apache.http.impl.execchain.RetryExec.execute(RetryExec.java:88)
	at org.apache.http.impl.execchain.RedirectExec.execute(RedirectExec.java:110)
	at org.apache.http.impl.client.InternalHttpClient.doExecute(InternalHttpClient.java:184)
	at org.apache.http.impl.client.CloseableHttpClient.execute(CloseableHttpClient.java:71)
	at org.apache.http.impl.client.CloseableHttpClient.execute(CloseableHttpClient.java:55)
	at org.openqa.selenium.remote.internal.ApacheHttpClient.fallBackExecute(ApacheHttpClient.java:161)
	at org.openqa.selenium.remote.internal.ApacheHttpClient.execute(ApacheHttpClient.java:89)
	at org.openqa.selenium.remote.HttpCommandExecutor.execute(HttpCommandExecutor.java:134)
	at org.openqa.selenium.firefox.internal.NewProfileExtensionConnection.execute(NewProfileExtensionConnection.java:168)
	at org.openqa.selenium.firefox.FirefoxDriver$LazyCommandExecutor.execute(FirefoxDriver.java:392)
	at org.openqa.selenium.remote.RemoteWebDriver.execute(RemoteWebDriver.java:578)
	... 31 more
Caused by: java.net.ConnectException: Connection refused
	at java.net.PlainSocketImpl.socketConnect(Native Method)
	at java.net.AbstractPlainSocketImpl.doConnect(AbstractPlainSocketImpl.java:339)
	at java.net.AbstractPlainSocketImpl.connectToAddress(AbstractPlainSocketImpl.java:200)
	at java.net.AbstractPlainSocketImpl.connect(AbstractPlainSocketImpl.java:182)
	at java.net.SocksSocketImpl.connect(SocksSocketImpl.java:392)
	at java.net.Socket.connect(Socket.java:579)
	at org.apache.http.conn.socket.PlainConnectionSocketFactory.connectSocket(PlainConnectionSocketFactory.java:74)
	at org.apache.http.impl.conn.DefaultHttpClientConnectionOperator.connect(DefaultHttpClientConnectionOperator.java:134)
	... 46 more
]]>
    </failure>
  </testcase> <!-- @BeforeTest testSetUp -->
  <testcase name="@BeforeClass testClassSetup" time="0.0" classname="tests.LogInTest">
    <skipped/>
  </testcase> <!-- @BeforeClass testClassSetup -->
  <testcase name="testInvalidAccountBalanceEnquiry" time="0.0" classname="tests.BalanceEnquiryTest">
    <skipped/>
  </testcase> <!-- testInvalidAccountBalanceEnquiry -->
  <testcase name="testValidAccountBalanceEnquiry" time="0.001" classname="tests.BalanceEnquiryTest">
    <skipped/>
  </testcase> <!-- testValidAccountBalanceEnquiry -->
  <testcase name="testInvalidAccountCuatomizedStatement" time="0.001" classname="tests.CustomisedStatementTest">
    <skipped/>
  </testcase> <!-- testInvalidAccountCuatomizedStatement -->
  <testcase name="testValidAccountCuatomizedStatement" time="0.001" classname="tests.CustomisedStatementTest">
    <skipped/>
  </testcase> <!-- testValidAccountCuatomizedStatement -->
  <testcase name="testDeleteInvalidAccount" time="0.0" classname="tests.DeleteAccountTest">
    <skipped/>
  </testcase> <!-- testDeleteInvalidAccount -->
  <testcase name="testUndeleteValidAccount" time="0.0" classname="tests.DeleteAccountTest">
    <skipped/>
  </testcase> <!-- testUndeleteValidAccount -->
  <testcase name="testDeleteCustomer" time="0.001" classname="tests.DeleteCustomerTest">
    <skipped/>
  </testcase> <!-- testDeleteCustomer -->
  <testcase name="testDeleteCustomerDoesNotExist" time="0.0" classname="tests.DeleteCustomerTest">
    <skipped/>
  </testcase> <!-- testDeleteCustomerDoesNotExist -->
  <testcase name="testDepositInvalidAccount" time="0.0" classname="tests.DepositTest">
    <skipped/>
  </testcase> <!-- testDepositInvalidAccount -->
  <testcase name="testDepositValidAccount" time="0.0" classname="tests.DepositTest">
    <skipped/>
  </testcase> <!-- testDepositValidAccount -->
  <testcase name="testChangeAccountType" time="0.001" classname="tests.EditAccountTest">
    <skipped/>
  </testcase> <!-- testChangeAccountType -->
  <testcase name="testChangeAccountTypeNew" time="0.0" classname="tests.EditAccountTest">
    <skipped/>
  </testcase> <!-- testChangeAccountTypeNew -->
  <testcase name="testEditCustomerChangeAddress" time="0.001" classname="tests.EditCustomerTest">
    <skipped/>
  </testcase> <!-- testEditCustomerChangeAddress -->
  <testcase name="testEditCustomerChangeAddressNo" time="0.0" classname="tests.EditCustomerTest">
    <skipped/>
  </testcase> <!-- testEditCustomerChangeAddressNo -->
  <testcase name="testInvalidFundTransfer" time="0.001" classname="tests.FundTransferTest">
    <skipped/>
  </testcase> <!-- testInvalidFundTransfer -->
  <testcase name="testValidFundTransfer" time="0.0" classname="tests.FundTransferTest">
    <skipped/>
  </testcase> <!-- testValidFundTransfer -->
  <testcase name="testClickGenerateAccess" time="0.001" classname="tests.LogInTest">
    <skipped/>
  </testcase> <!-- testClickGenerateAccess -->
  <testcase name="testLoginBlankUsernamePassword" time="0.0" classname="tests.LogInTest">
    <skipped/>
  </testcase> <!-- testLoginBlankUsernamePassword -->
  <testcase name="testLoginEmptyUsernamePassword" time="0.0" classname="tests.LogInTest">
    <skipped/>
  </testcase> <!-- testLoginEmptyUsernamePassword -->
  <testcase name="testLoginInvalidUsernamePassword" time="0.0" classname="tests.LogInTest">
    <skipped/>
  </testcase> <!-- testLoginInvalidUsernamePassword -->
  <testcase name="testValidLogIn" time="0.001" classname="tests.LogInTest">
    <skipped/>
  </testcase> <!-- testValidLogIn -->
  <testcase name="testBlickManagerLink" time="0.0" classname="tests.ManagerMenuTest">
    <skipped/>
  </testcase> <!-- testBlickManagerLink -->
  <testcase name="testClickBalanceEnquiryLink" time="0.0" classname="tests.ManagerMenuTest">
    <skipped/>
  </testcase> <!-- testClickBalanceEnquiryLink -->
  <testcase name="testClickChangePasswordLink" time="0.0" classname="tests.ManagerMenuTest">
    <skipped/>
  </testcase> <!-- testClickChangePasswordLink -->
  <testcase name="testClickCustomisedStatementLink" time="0.0" classname="tests.ManagerMenuTest">
    <skipped/>
  </testcase> <!-- testClickCustomisedStatementLink -->
  <testcase name="testClickDeleteAccountLink" time="0.001" classname="tests.ManagerMenuTest">
    <skipped/>
  </testcase> <!-- testClickDeleteAccountLink -->
  <testcase name="testClickDeleteCustomerLink" time="0.001" classname="tests.ManagerMenuTest">
    <skipped/>
  </testcase> <!-- testClickDeleteCustomerLink -->
  <testcase name="testClickDepositLink" time="0.0" classname="tests.ManagerMenuTest">
    <skipped/>
  </testcase> <!-- testClickDepositLink -->
  <testcase name="testClickEditAccountLink" time="0.0" classname="tests.ManagerMenuTest">
    <skipped/>
  </testcase> <!-- testClickEditAccountLink -->
  <testcase name="testClickEditCustomerLinkLink" time="0.0" classname="tests.ManagerMenuTest">
    <skipped/>
  </testcase> <!-- testClickEditCustomerLinkLink -->
  <testcase name="testClickFundTransferLink" time="0.0" classname="tests.ManagerMenuTest">
    <skipped/>
  </testcase> <!-- testClickFundTransferLink -->
  <testcase name="testClickMiniStatementLink" time="0.0" classname="tests.ManagerMenuTest">
    <skipped/>
  </testcase> <!-- testClickMiniStatementLink -->
  <testcase name="testClickNewAccountLink" time="0.0" classname="tests.ManagerMenuTest">
    <skipped/>
  </testcase> <!-- testClickNewAccountLink -->
  <testcase name="testClickNewCustomerLink" time="0.0" classname="tests.ManagerMenuTest">
    <skipped/>
  </testcase> <!-- testClickNewCustomerLink -->
  <testcase name="testClickWithdrawalLink" time="0.0" classname="tests.ManagerMenuTest">
    <skipped/>
  </testcase> <!-- testClickWithdrawalLink -->
  <testcase name="testInvalidAccountMiniStatementTest" time="0.0" classname="tests.MiniStatementTest">
    <skipped/>
  </testcase> <!-- testInvalidAccountMiniStatementTest -->
  <testcase name="testValidAccountMiniStatementTest" time="0.001" classname="tests.MiniStatementTest">
    <skipped/>
  </testcase> <!-- testValidAccountMiniStatementTest -->
  <testcase name="testAddNewAccount" time="0.001" classname="tests.NewAccountTest">
    <skipped/>
  </testcase> <!-- testAddNewAccount -->
  <testcase name="testInvalidCustomerId" time="0.001" classname="tests.NewAccountTest">
    <skipped/>
  </testcase> <!-- testInvalidCustomerId -->
  <testcase name="testAddNewCustomer" time="0.001" classname="tests.NewCustomerTest">
    <skipped/>
  </testcase> <!-- testAddNewCustomer -->
  <testcase name="testWithdrawInvalidAccount" time="0.001" classname="tests.WithdrawTest">
    <skipped/>
  </testcase> <!-- testWithdrawInvalidAccount -->
  <testcase name="testWithdrawValidAccount" time="0.0" classname="tests.WithdrawTest">
    <skipped/>
  </testcase> <!-- testWithdrawValidAccount -->
</testsuite> <!-- Regrassion Test -->
